------- FILE main.asm LEVEL 1 PASS 1
      1  0000 ????
      2  0000 ????
      3  0000 ????
      4  0000 ????
      5  0000 ????
      6  2000					      org	$2000
      7  2000		       00 58	   SAVMSC     =	$0058	;screen memory address
main.asm (8): error: Unknown Mnemonic 'ldy'.
      8  2000					      ldy	#0
      9  2000				   loop
main.asm (10): error: Unknown Mnemonic 'lda'.
     10  2000					      lda	hello,y
main.asm (11): error: Unknown Mnemonic 'sta'.
     11  2000					      sta	(SAVMSC),y
main.asm (12): error: Unknown Mnemonic 'iny'.
     12  2000					      iny
main.asm (13): error: Unknown Mnemonic 'cpy'.
     13  2000					      cpy	#13
main.asm (14): error: Unknown Mnemonic 'bne'.
     14  2000					      bne	loop
main.asm (15): error: Unknown Mnemonic 'jmp'.
     15  2000					      jmp	*
     16  2000							; Data
     17  2000				   hello
     18  2000		       48 75 6e 74*	      .byte.b	"Hunter Thayer"
